SteamLine STL501 [501, '501X', 1.0]
Percent Flow:  1.0
Velocity (m/s)                        26.09
Tot Loss (J/kg)                    15067.38
Heat Loss (J/kg)                    7179.15
d K.E. (J/kg)                          0.00
d P.E. (J/kg)                        362.97
Friction Loss (J/kg)                7525.26
  Skin Friction (J/kg)              3322.65
  Expansion (J/kg)                     0.00
  Contraction (J/kg)                   0.00
  Fittings Friction (J/kg)          4202.61
Inlet Pressure (Mpa)                   0.88
Outlet Pressure (Mpa)                  0.81
SF_in (kg/s)                          50.64
SF_out (kg/s)                         50.35

 =================================================== 

Steam Flow Out:  50.3473465672
SteamLine STL501X70A1 ['501X', '70A1', 0.0]
Percent Flow:  0.0
Velocity (m/s)                        27.91
Tot Loss (J/kg)                     1228.10
Heat Loss (J/kg)                     143.21
d K.E. (J/kg)                        291.96
d P.E. (J/kg)                         29.43
Friction Loss (J/kg)                 763.49
  Skin Friction (J/kg)                74.30
  Expansion (J/kg)                   194.60
  Contraction (J/kg)                   0.00
  Fittings Friction (J/kg)           494.59
Inlet Pressure (Mpa)                   0.81
Outlet Pressure (Mpa)                  0.81
SF_in (kg/s)                          50.35
SF_out (kg/s)                         50.32

 =================================================== 

Steam Flow Out:  0.0
SteamLine STL501X70A2 ['501X', '70A2', 1.0]
Percent Flow:  1.0
Velocity (m/s)                        27.91
Tot Loss (J/kg)                      799.71
Heat Loss (J/kg)                     143.21
d K.E. (J/kg)                        291.96
d P.E. (J/kg)                         29.43
Friction Loss (J/kg)                 335.11
  Skin Friction (J/kg)                74.30
  Expansion (J/kg)                   194.60
  Contraction (J/kg)                   0.00
  Fittings Friction (J/kg)            66.20
Inlet Pressure (Mpa)                   0.81
Outlet Pressure (Mpa)                  0.81
SF_in (kg/s)                          50.35
SF_out (kg/s)                         50.33

 =================================================== 

Steam Flow Out:  50.3284736469
SteamLine STL502 [502, '502X', 1.0]
Percent Flow:  1.0
Velocity (m/s)                        13.81
Tot Loss (J/kg)                    16084.99
Heat Loss (J/kg)                   13560.50
d K.E. (J/kg)                          0.00
d P.E. (J/kg)                        362.97
Friction Loss (J/kg)                2161.51
  Skin Friction (J/kg)               983.60
  Expansion (J/kg)                     0.00
  Contraction (J/kg)                   0.00
  Fittings Friction (J/kg)          1177.92
Inlet Pressure (Mpa)                   0.88
Outlet Pressure (Mpa)                  0.81
SF_in (kg/s)                          26.81
SF_out (kg/s)                         26.64

 =================================================== 

Steam Flow Out:  26.6444786024
SteamLine STL502X70A1 ['502X', '70A1', 0.0]
Percent Flow:  0.0
Velocity (m/s)                        14.85
Tot Loss (J/kg)                      599.19
Heat Loss (J/kg)                     270.17
d K.E. (J/kg)                         82.66
d P.E. (J/kg)                         29.43
Friction Loss (J/kg)                 216.93
  Skin Friction (J/kg)                21.81
  Expansion (J/kg)                    55.10
  Contraction (J/kg)                   0.00
  Fittings Friction (J/kg)           140.03
Inlet Pressure (Mpa)                   0.81
Outlet Pressure (Mpa)                  0.81
SF_in (kg/s)                          26.64
SF_out (kg/s)                         26.64

 =================================================== 

Steam Flow Out:  0.0
SteamLine STL502X70A2 ['502X', '70A2', 1.0]
Percent Flow:  1.0
Velocity (m/s)                        14.85
Tot Loss (J/kg)                      477.91
Heat Loss (J/kg)                     270.17
d K.E. (J/kg)                         82.66
d P.E. (J/kg)                         29.43
Friction Loss (J/kg)                  95.65
  Skin Friction (J/kg)                21.81
  Expansion (J/kg)                    55.10
  Contraction (J/kg)                   0.00
  Fittings Friction (J/kg)            18.74
Inlet Pressure (Mpa)                   0.81
Outlet Pressure (Mpa)                  0.81
SF_in (kg/s)                          26.64
SF_out (kg/s)                         26.64

 =================================================== 

Steam Flow Out:  76.9674284113
SteamLine STL503 [503, '503X', 1.0]
Percent Flow:  1.0
Velocity (m/s)                        20.25
Tot Loss (J/kg)                    14185.81
Heat Loss (J/kg)                    9250.12
d K.E. (J/kg)                          0.00
d P.E. (J/kg)                        362.97
Friction Loss (J/kg)                4572.72
  Skin Friction (J/kg)              2041.26
  Expansion (J/kg)                     0.00
  Contraction (J/kg)                   0.00
  Fittings Friction (J/kg)          2531.46
Inlet Pressure (Mpa)                   0.88
Outlet Pressure (Mpa)                  0.82
SF_in (kg/s)                          39.31
SF_out (kg/s)                         39.09

 =================================================== 

Steam Flow Out:  39.088339142
SteamLine STL503X70A1 ['503X', '70A1', 0.0]
Percent Flow:  0.0
Velocity (m/s)                        21.57
Tot Loss (J/kg)                      845.14
Heat Loss (J/kg)                     184.72
d K.E. (J/kg)                        174.35
d P.E. (J/kg)                         29.43
Friction Loss (J/kg)                 456.65
  Skin Friction (J/kg)                45.09
  Expansion (J/kg)                   116.21
  Contraction (J/kg)                   0.00
  Fittings Friction (J/kg)           295.34
Inlet Pressure (Mpa)                   0.82
Outlet Pressure (Mpa)                  0.82
SF_in (kg/s)                          39.09
SF_out (kg/s)                         39.07

 =================================================== 

Steam Flow Out:  0.0
SteamLine STL503X70A2 ['503X', '70A2', 1.0]
Percent Flow:  1.0
Velocity (m/s)                        21.57
Tot Loss (J/kg)                      589.33
Heat Loss (J/kg)                     184.72
d K.E. (J/kg)                        174.35
d P.E. (J/kg)                         29.43
Friction Loss (J/kg)                 200.84
  Skin Friction (J/kg)                45.09
  Expansion (J/kg)                   116.21
  Contraction (J/kg)                   0.00
  Fittings Friction (J/kg)            39.53
Inlet Pressure (Mpa)                   0.82
Outlet Pressure (Mpa)                  0.82
SF_in (kg/s)                          39.09
SF_out (kg/s)                         39.08

 =================================================== 

Steam Flow Out:  116.045232606
SteamLine STL504 [504, '504X', 1.0]
Percent Flow:  1.0
Velocity (m/s)                        21.78
Tot Loss (J/kg)                    11165.63
Heat Loss (J/kg)                    6609.57
d K.E. (J/kg)                          0.00
d P.E. (J/kg)                        451.26
Friction Loss (J/kg)                4104.79
  Skin Friction (J/kg)              1804.40
  Expansion (J/kg)                     0.00
  Contraction (J/kg)                   0.00
  Fittings Friction (J/kg)          2300.40
Inlet Pressure (Mpa)                   0.88
Outlet Pressure (Mpa)                  0.83
SF_in (kg/s)                          42.28
SF_out (kg/s)                         42.09

 =================================================== 

Steam Flow Out:  42.0920988322
SteamLine STL504X70A1 ['504X', '70A1', 1.0]
Percent Flow:  1.0
Velocity (m/s)                        22.84
Tot Loss (J/kg)                      734.35
Heat Loss (J/kg)                     258.60
d K.E. (J/kg)                        195.51
d P.E. (J/kg)                         29.43
Friction Loss (J/kg)                 250.81
  Skin Friction (J/kg)                76.16
  Expansion (J/kg)                   130.31
  Contraction (J/kg)                   0.00
  Fittings Friction (J/kg)            44.33
Inlet Pressure (Mpa)                   0.83
Outlet Pressure (Mpa)                  0.83
SF_in (kg/s)                          42.09
SF_out (kg/s)                         42.08

 =================================================== 

Steam Flow Out:  42.0781913805
SteamLine STL504X70A2 ['504X', '70A2', 0.0]
Percent Flow:  0.0
Velocity (m/s)                        22.84
Tot Loss (J/kg)                     1021.21
Heat Loss (J/kg)                     258.60
d K.E. (J/kg)                        195.51
d P.E. (J/kg)                         29.43
Friction Loss (J/kg)                 537.67
  Skin Friction (J/kg)                76.16
  Expansion (J/kg)                   130.31
  Contraction (J/kg)                   0.00
  Fittings Friction (J/kg)           331.20
Inlet Pressure (Mpa)                   0.83
Outlet Pressure (Mpa)                  0.83
SF_in (kg/s)                          42.09
SF_out (kg/s)                         42.07

 =================================================== 

Steam Flow Out:  116.045232606
SteamLine STL505 [505, '505X', 1.0]
Percent Flow:  1.0
Velocity (m/s)                        26.37
Tot Loss (J/kg)                    11890.01
Heat Loss (J/kg)                    5458.58
d K.E. (J/kg)                          0.00
d P.E. (J/kg)                        451.26
Friction Loss (J/kg)                5980.17
  Skin Friction (J/kg)              2607.37
  Expansion (J/kg)                     0.00
  Contraction (J/kg)                   0.00
  Fittings Friction (J/kg)          3372.80
Inlet Pressure (Mpa)                   0.88
Outlet Pressure (Mpa)                  0.83
SF_in (kg/s)                          51.19
SF_out (kg/s)                         50.95

 =================================================== 

Steam Flow Out:  50.9535694826
SteamLine STL505X70A1 ['505X', '70A1', 1.0]
Percent Flow:  1.0
Velocity (m/s)                        27.75
Tot Loss (J/kg)                      900.32
Heat Loss (J/kg)                     213.38
d K.E. (J/kg)                        288.66
d P.E. (J/kg)                         29.43
Friction Loss (J/kg)                 368.85
  Skin Friction (J/kg)               110.98
  Expansion (J/kg)                   192.41
  Contraction (J/kg)                   0.00
  Fittings Friction (J/kg)            65.46
Inlet Pressure (Mpa)                   0.83
Outlet Pressure (Mpa)                  0.83
SF_in (kg/s)                          50.95
SF_out (kg/s)                         50.93

 =================================================== 

Steam Flow Out:  93.0106842824
SteamLine STL505X70A2 ['505X', '70A2', 0.0]
Percent Flow:  0.0
Velocity (m/s)                        27.75
Tot Loss (J/kg)                     1323.87
Heat Loss (J/kg)                     213.38
d K.E. (J/kg)                        288.66
d P.E. (J/kg)                         29.43
Friction Loss (J/kg)                 792.39
  Skin Friction (J/kg)               110.98
  Expansion (J/kg)                   192.41
  Contraction (J/kg)                   0.00
  Fittings Friction (J/kg)           489.00
Inlet Pressure (Mpa)                   0.83
Outlet Pressure (Mpa)                  0.83
SF_in (kg/s)                          50.95
SF_out (kg/s)                         50.92

 =================================================== 

Steam Flow Out:  116.045232606
SteamLine STL506 [506, '506X', 1.0]
Percent Flow:  1.0
Velocity (m/s)                        25.69
Tot Loss (J/kg)                    13030.80
Heat Loss (J/kg)                    6601.22
d K.E. (J/kg)                          0.00
d P.E. (J/kg)                        490.50
Friction Loss (J/kg)                5939.07
  Skin Friction (J/kg)              2920.11
  Expansion (J/kg)                     0.00
  Contraction (J/kg)                   0.00
  Fittings Friction (J/kg)          3018.96
Inlet Pressure (Mpa)                   0.88
Outlet Pressure (Mpa)                  0.83
SF_in (kg/s)                          49.87
SF_out (kg/s)                         49.61

 =================================================== 

Steam Flow Out:  49.6124605428
SteamLine STL506X70B1 ['506X', '70B1', 1.0]
Percent Flow:  1.0
Velocity (m/s)                        27.17
Tot Loss (J/kg)                      979.77
Heat Loss (J/kg)                     170.17
d K.E. (J/kg)                        276.73
d P.E. (J/kg)                          0.00
Friction Loss (J/kg)                 532.87
  Skin Friction (J/kg)                82.66
  Expansion (J/kg)                   184.45
  Contraction (J/kg)                   0.00
  Fittings Friction (J/kg)           265.76
Inlet Pressure (Mpa)                   0.83
Outlet Pressure (Mpa)                  0.82
SF_in (kg/s)                          49.61
SF_out (kg/s)                         49.59

 =================================================== 

Steam Flow Out:  49.5908529631
SteamLine STL506X70B2 ['506X', '70B2', 0.0]
Percent Flow:  0.0
Velocity (m/s)                        27.17
Tot Loss (J/kg)                     1182.78
Heat Loss (J/kg)                     170.17
d K.E. (J/kg)                        276.73
d P.E. (J/kg)                          0.00
Friction Loss (J/kg)                 735.89
  Skin Friction (J/kg)                82.66
  Expansion (J/kg)                   184.45
  Contraction (J/kg)                   0.00
  Fittings Friction (J/kg)           468.78
Inlet Pressure (Mpa)                   0.83
Outlet Pressure (Mpa)                  0.82
SF_in (kg/s)                          49.61
SF_out (kg/s)                         49.59

 =================================================== 

Steam Flow Out:  0.0
SteamLine STL508 [508, '508X', 1.0]
Percent Flow:  1.0
Velocity (m/s)                        19.36
Tot Loss (J/kg)                     1207.36
Heat Loss (J/kg)                     655.32
d K.E. (J/kg)                          0.00
d P.E. (J/kg)                        235.44
Friction Loss (J/kg)                 316.60
  Skin Friction (J/kg)               110.55
  Expansion (J/kg)                     0.00
  Contraction (J/kg)                   0.00
  Fittings Friction (J/kg)           206.06
Inlet Pressure (Mpa)                   0.78
Outlet Pressure (Mpa)                  0.78
SF_in (kg/s)                          33.51
SF_out (kg/s)                         33.49

 =================================================== 

Steam Flow Out:  33.489295598
SteamLine STL508X70C1 ['508X', '70C1', 0.10000000000000001]
Percent Flow:  0.1
Velocity (m/s)                        19.42
Tot Loss (J/kg)                      661.24
Heat Loss (J/kg)                     159.31
d K.E. (J/kg)                        141.32
d P.E. (J/kg)                          0.00
Friction Loss (J/kg)                 360.61
  Skin Friction (J/kg)                27.02
  Expansion (J/kg)                    94.20
  Contraction (J/kg)                   0.00
  Fittings Friction (J/kg)           239.40
Inlet Pressure (Mpa)                   0.78
Outlet Pressure (Mpa)                  0.78
SF_in (kg/s)                          33.49
SF_out (kg/s)                         33.48

 =================================================== 

Steam Flow Out:  3.34798303089
SteamLine STL508X70C2 ['508X', '70C2', 0.90000000000000002]
Percent Flow:  0.9
Velocity (m/s)                        19.42
Tot Loss (J/kg)                      661.24
Heat Loss (J/kg)                     159.31
d K.E. (J/kg)                        141.32
d P.E. (J/kg)                          0.00
Friction Loss (J/kg)                 360.61
  Skin Friction (J/kg)                27.02
  Expansion (J/kg)                    94.20
  Contraction (J/kg)                   0.00
  Fittings Friction (J/kg)           239.40
Inlet Pressure (Mpa)                   0.78
Outlet Pressure (Mpa)                  0.78
SF_in (kg/s)                          33.49
SF_out (kg/s)                         33.48

 =================================================== 

Steam Flow Out:  30.131847278
SteamLine STL70A1 ['70A1', '70B1', 1.0]
Percent Flow:  1.0
Velocity (m/s)                        25.46
Tot Loss (J/kg)                     1555.98
Heat Loss (J/kg)                     496.73
d K.E. (J/kg)                          0.00
d P.E. (J/kg)                          9.81
Friction Loss (J/kg)                1049.44
  Skin Friction (J/kg)               190.32
  Expansion (J/kg)                     0.00
  Contraction (J/kg)                   0.00
  Fittings Friction (J/kg)           859.12
Inlet Pressure (Mpa)                   0.83
Outlet Pressure (Mpa)                  0.82
SF_in (kg/s)                          93.01
SF_out (kg/s)                         92.95

 =================================================== 

Steam Flow Out:  142.545522986
SteamLine STL70A2 ['70A2', '70B2', 1.0]
Percent Flow:  1.0
Velocity (m/s)                        31.80
Tot Loss (J/kg)                     2041.40
Heat Loss (J/kg)                     398.00
d K.E. (J/kg)                          0.00
d P.E. (J/kg)                          9.81
Friction Loss (J/kg)                1633.59
  Skin Friction (J/kg)               293.34
  Expansion (J/kg)                     0.00
  Contraction (J/kg)                   0.00
  Fittings Friction (J/kg)          1340.25
Inlet Pressure (Mpa)                   0.82
Outlet Pressure (Mpa)                  0.82
SF_in (kg/s)                         116.05
SF_out (kg/s)                        115.95

 =================================================== 

Steam Flow Out:  115.953689654
SteamLine STL70B1 ['70B1', '70C1', 1.0]
Percent Flow:  1.0
Velocity (m/s)                        39.23
Tot Loss (J/kg)                     4598.30
Heat Loss (J/kg)                    1512.13
d K.E. (J/kg)                          0.00
d P.E. (J/kg)                        176.58
Friction Loss (J/kg)                2909.59
  Skin Friction (J/kg)              2063.13
  Expansion (J/kg)                     0.00
  Contraction (J/kg)                   0.00
  Fittings Friction (J/kg)           846.46
Inlet Pressure (Mpa)                   0.82
Outlet Pressure (Mpa)                  0.80
SF_in (kg/s)                         142.55
SF_out (kg/s)                        142.29

 =================================================== 

Steam Flow Out:  145.636498866
SteamLine STL70B2 ['70B2', '70C2', 1.0]
Percent Flow:  1.0
Velocity (m/s)                        31.98
Tot Loss (J/kg)                     3979.59
Heat Loss (J/kg)                    1857.66
d K.E. (J/kg)                          0.00
d P.E. (J/kg)                        176.58
Friction Loss (J/kg)                1945.35
  Skin Friction (J/kg)              1382.73
  Expansion (J/kg)                     0.00
  Contraction (J/kg)                   0.00
  Fittings Friction (J/kg)           562.63
Inlet Pressure (Mpa)                   0.82
Outlet Pressure (Mpa)                  0.80
SF_in (kg/s)                         115.95
SF_out (kg/s)                        115.77

 =================================================== 

Steam Flow Out:  145.903959427
SteamLine STL70IF1 ['70C1', '70IF1', 1.0]
Percent Flow:  1.0
Velocity (m/s)                        41.62
Tot Loss (J/kg)                    47366.48
Heat Loss (J/kg)                   10312.11
d K.E. (J/kg)                          0.00
d P.E. (J/kg)                       -196.20
Friction Loss (J/kg)               37250.57
  Skin Friction (J/kg)             16161.34
  Expansion (J/kg)                     0.00
  Contraction (J/kg)                   0.00
  Fittings Friction (J/kg)         21089.23
Inlet Pressure (Mpa)                   0.79
Outlet Pressure (Mpa)                  0.59
SF_in (kg/s)                         145.64
SF_out (kg/s)                        143.18

 =================================================== 

Steam Flow Out:  143.176682096
SteamLine STL70IF2 ['70C2', '70IF2', 1.0]
Percent Flow:  1.0
Velocity (m/s)                        41.68
Tot Loss (J/kg)                    47453.97
Heat Loss (J/kg)                   10294.57
d K.E. (J/kg)                          0.00
d P.E. (J/kg)                       -196.20
Friction Loss (J/kg)               37355.60
  Skin Friction (J/kg)             16207.47
  Expansion (J/kg)                     0.00
  Contraction (J/kg)                   0.00
  Fittings Friction (J/kg)         21148.14
Inlet Pressure (Mpa)                   0.79
Outlet Pressure (Mpa)                  0.59
SF_in (kg/s)                         145.90
SF_out (kg/s)                        143.44

 =================================================== 

Steam Flow Out:  143.435269263
